0 info it worked if it ends with ok
1 verbose cli [ 'C:\\Program Files\\nodejs\\node.exe',
1 verbose cli   'C:\\Users\\wangm\\AppData\\Roaming\\npm\\node_modules\\npm\\bin\\npm-cli.js',
1 verbose cli   'start' ]
2 info using npm@3.10.9
3 info using node@v4.4.4
4 verbose run-script [ 'prestart', 'start', 'poststart' ]
5 info lifecycle @~prestart: @
6 silly lifecycle @~prestart: no script for prestart, continuing
7 info lifecycle @~start: @
8 verbose lifecycle @~start: unsafe-perm in lifecycle true
9 verbose lifecycle @~start: PATH: C:\Users\wangm\AppData\Roaming\npm\node_modules\.npm_npminstall\node_modules\.3.10.9@npm\bin\node-gyp-bin;C:\Users\wangm\Desktop\dva-crm\node_modules\.bin;C:\ProgramData\Oracle\Java\javapath;C:\Program Files (x86)\NVIDIA Corporation\PhysX\Common;D:\apache-maven-3.2.5\bin;D:\oracle\instantclient_11_2\BIN;C:\Program Files (x86)\Intel\iCLS Client\;C:\Program Files\Intel\iCLS Client\;C:\WINDOWS\system32;C:\WINDOWS;C:\WINDOWS\System32\Wbem;C:\WINDOWS\System32\WindowsPowerShell\v1.0\;C:\Program Files\Intel\Intel(R) Management Engine Components\DAL;C:\Program Files\Intel\Intel(R) Management Engine Components\IPT;C:\Program Files (x86)\Intel\Intel(R) Management Engine Components\DAL;C:\Program Files (x86)\Intel\Intel(R) Management Engine Components\IPT;C:\Program Files (x86)\Intel\OpenCL SDK\2.0\bin\x86;C:\Program Files (x86)\Intel\OpenCL SDK\2.0\bin\x64;C:\Program Files\WIDCOMM\Bluetooth Software\;C:\Program Files\WIDCOMM\Bluetooth Software\syswow64;C:\Program Files\TortoiseSVN\bin;E:\apache-tomcat-7.0.70\bin;C:\Program Files\Java\jdk1.8.0_101\bin;C:\Program Files\nodejs\;C:\Users\wangm\AppData\Local\Microsoft\WindowsApps;C:\Users\wangm\AppData\Roaming\npm
10 verbose lifecycle @~start: CWD: C:\Users\wangm\Desktop\dva-crm
11 silly lifecycle @~start: Args: [ '/d /s /c', 'dora --plugins "proxy,webpack,webpack-hmr"' ]
12 silly lifecycle @~start: Returned: code: 3221225786  signal: null
13 info lifecycle @~start: Failed to exec start script
14 verbose stack Error: @ start: `dora --plugins "proxy,webpack,webpack-hmr"`
14 verbose stack Exit status 3221225786
14 verbose stack     at EventEmitter.<anonymous> (C:\Users\wangm\AppData\Roaming\npm\node_modules\.npm_npminstall\node_modules\.3.10.9@npm\lib\utils\lifecycle.js:255:16)
14 verbose stack     at emitTwo (events.js:87:13)
14 verbose stack     at EventEmitter.emit (events.js:172:7)
14 verbose stack     at ChildProcess.<anonymous> (C:\Users\wangm\AppData\Roaming\npm\node_modules\.npm_npminstall\node_modules\.3.10.9@npm\lib\utils\spawn.js:40:14)
14 verbose stack     at emitTwo (events.js:87:13)
14 verbose stack     at ChildProcess.emit (events.js:172:7)
14 verbose stack     at maybeClose (internal/child_process.js:827:16)
14 verbose stack     at Process.ChildProcess._handle.onexit (internal/child_process.js:211:5)
15 verbose pkgid @
16 verbose cwd C:\Users\wangm\Desktop\dva-crm
17 error Windows_NT 10.0.14393
18 error argv "C:\\Program Files\\nodejs\\node.exe" "C:\\Users\\wangm\\AppData\\Roaming\\npm\\node_modules\\npm\\bin\\npm-cli.js" "start"
19 error node v4.4.4
20 error npm  v3.10.9
21 error code ELIFECYCLE
22 error @ start: `dora --plugins "proxy,webpack,webpack-hmr"`
22 error Exit status 3221225786
23 error Failed at the @ start script 'dora --plugins "proxy,webpack,webpack-hmr"'.
23 error Make sure you have the latest version of node.js and npm installed.
23 error If you do, this is most likely a problem with the  package,
23 error not with npm itself.
23 error Tell the author that this fails on your system:
23 error     dora --plugins "proxy,webpack,webpack-hmr"
23 error You can get information on how to open an issue for this project with:
23 error     npm bugs
23 error Or if that isn't available, you can get their info via:
23 error     npm owner ls
23 error There is likely additional logging output above.
24 verbose exit [ 1, true ]
